<?xml version="1.0" encoding="UTF-8"?>
<!-- Generated by org.testng.reporters.JUnitReportReporter -->
<testsuite skipped="0" hostname="DESKTOP-A7L5GQS" name="com.advanse.testng.SameClassDataProvider" tests="2" failures="0" timestamp="03 Oct 2019 23:57:35 GMT" time="0.038" errors="0">
  <testcase name="testMethod" time="0.028" classname="com.advanse.testng.SameClassDataProvider"/>
  <testcase name="testMethod" time="0.010" classname="com.advanse.testng.SameClassDataProvider"/>
</testsuite> <!-- com.advanse.testng.SameClassDataProvider -->
