<?xml version="1.0" encoding="UTF-8"?>
<!-- Generated by org.testng.reporters.JUnitReportReporter -->
<testsuite skipped="0" hostname="DESKTOP-A7L5GQS" name="com.genericode.GCRLoginSunday" tests="1" failures="0" timestamp="22 Sep 2019 22:20:09 GMT" time="4.279" errors="0">
  <testcase name="test1" time="4.279" classname="com.genericode.GCRLoginSunday"/>
</testsuite> <!-- com.genericode.GCRLoginSunday -->
