<?xml version="1.0" encoding="UTF-8"?>
<!-- Generated by org.testng.reporters.JUnitReportReporter -->
<testsuite skipped="0" hostname="DESKTOP-A7L5GQS" name="com.advanse.testng.SameClassFactory" tests="3" failures="0" timestamp="17 Sep 2019 23:49:00 GMT" time="0.043" errors="0">
  <testcase name="testMethod" time="0.036" classname="com.advanse.testng.SameClassFactory"/>
  <testcase name="testMethod" time="0.003" classname="com.advanse.testng.SameClassFactory"/>
  <testcase name="testMethod" time="0.004" classname="com.advanse.testng.SameClassFactory"/>
</testsuite> <!-- com.advanse.testng.SameClassFactory -->
