<?xml version="1.0" encoding="UTF-8"?>
<!-- Generated by org.testng.reporters.JUnitReportReporter -->
<testsuite skipped="0" hostname="DESKTOP-A7L5GQS" name="com.excelFactory.ReturnExcel" tests="3" failures="0" timestamp="24 Sep 2019 04:03:49 GMT" time="0.015" errors="0">
  <testcase name="testMethod" time="0.015" classname="com.excelFactory.ReturnExcel"/>
  <testcase name="testMethod" time="0.000" classname="com.excelFactory.ReturnExcel"/>
  <testcase name="testMethod" time="0.000" classname="com.excelFactory.ReturnExcel"/>
</testsuite> <!-- com.excelFactory.ReturnExcel -->
