<?xml version="1.0" encoding="UTF-8"?>
<!-- Generated by org.testng.reporters.JUnitReportReporter -->
<testsuite skipped="0" hostname="DESKTOP-A7L5GQS" name="com.advanse.testng.DataProviderFromExcel" tests="3" failures="0" timestamp="24 Sep 2019 04:29:06 GMT" time="0.011" errors="0">
  <testcase name="testMethod" time="0.000" classname="com.advanse.testng.DataProviderFromExcel"/>
  <testcase name="testMethod" time="0.000" classname="com.advanse.testng.DataProviderFromExcel"/>
  <testcase name="testMethod" time="0.011" classname="com.advanse.testng.DataProviderFromExcel"/>
</testsuite> <!-- com.advanse.testng.DataProviderFromExcel -->
