<?xml version="1.0" encoding="UTF-8"?>
<!-- Generated by org.testng.reporters.JUnitReportReporter -->
<testsuite skipped="0" hostname="DESKTOP-A7L5GQS" name="com.runner.TestNgRunner" tests="1" failures="0" timestamp="08 Oct 2019 23:23:48 GMT" time="27.889" errors="0">
  <testcase name="feature" time="27.889" classname="com.runner.TestNgRunner"/>
</testsuite> <!-- com.runner.TestNgRunner -->
