<?xml version="1.0" encoding="UTF-8"?>
<!-- Generated by org.testng.reporters.JUnitReportReporter -->
<testsuite hostname="DESKTOP-A7L5GQS" failures="0" tests="1" name="com.genericode.BasicTestngAnnotation" time="0.011" errors="0" timestamp="08 Sep 2019 20:52:32 GMT" skipped="0">
  <testcase classname="com.genericode.BasicTestngAnnotation" name="getsalary" time="0.011"/>
</testsuite> <!-- com.genericode.BasicTestngAnnotation -->
