<?xml version="1.0" encoding="UTF-8"?>
<!-- Generated by org.testng.reporters.JUnitReportReporter -->
<testsuite skipped="0" hostname="DESKTOP-A7L5GQS" name="com.genericode.GCRLoginCrossBrowser" tests="2" failures="0" timestamp="27 Sep 2019 00:00:02 GMT" time="14.025" errors="0">
  <testcase name="test1" time="6.582" classname="com.genericode.GCRLoginCrossBrowser"/>
  <testcase name="test1" time="7.443" classname="com.genericode.GCRLoginCrossBrowser"/>
</testsuite> <!-- com.genericode.GCRLoginCrossBrowser -->
