<?xml version="1.0" encoding="UTF-8"?>
<!-- Generated by org.testng.reporters.JUnitReportReporter -->
<testsuite skipped="0" hostname="LAPTOP-QTJLV2UG" name="com.runner.TestNgRunner" tests="1" failures="0" timestamp="04 Nov 2019 02:23:02 GMT" time="48.259" errors="0">
  <testcase name="feature" time="48.259" classname="com.runner.TestNgRunner"/>
</testsuite> <!-- com.runner.TestNgRunner -->
